build/app/intermediates/manifest_merge_blame_file/release/manifest-merger-blame-release-report.txt
1<?xml version="1.0" encoding="utf-8"?>
2<manifest xmlns:android="http://schemas.android.com/apk/res/android"
3    package="com.ykk.yoga_student_app"
4    android:versionCode="1"
5    android:versionName="1.0.0" >
6
7    <uses-sdk
8        android:minSdkVersion="21"
8-->src\main\AndroidManifest.xml
9        android:targetSdkVersion="31" />
9-->src\main\AndroidManifest.xml
10
11    <uses-permission android:name="android.permission.CAMERA" />
11-->[:image_pickers] AndroidManifest.xml:9:5-65
11-->[:image_pickers] AndroidManifest.xml:9:22-62
12    <uses-permission android:name="android.permission.RECORD_AUDIO" />
12-->[:image_pickers] AndroidManifest.xml:10:5-71
12-->[:image_pickers] AndroidManifest.xml:10:22-68
13    <uses-permission android:name="android.permission.READ_EXTERNAL_STORAGE" />
13-->[:image_pickers] AndroidManifest.xml:11:5-80
13-->[:image_pickers] AndroidManifest.xml:11:22-77
14    <uses-permission android:name="android.permission.WRITE_EXTERNAL_STORAGE" />
14-->[:image_pickers] AndroidManifest.xml:12:5-81
14-->[:image_pickers] AndroidManifest.xml:12:22-78
15    <uses-permission android:name="android.permission.INTERNET" />
15-->[:image_pickers] AndroidManifest.xml:13:5-67
15-->[:image_pickers] AndroidManifest.xml:13:22-64
16
17    <queries package="com.ykk.yoga_student_app" >
17-->[:image_pickers] AndroidManifest.xml:15:5-24:15
17-->[:image_pickers] AndroidManifest.xml:15:14-40
18        <intent>
18-->[:image_pickers] AndroidManifest.xml:16:9-19:18
19            <action android:name="android.media.action.IMAGE_CAPTURE" >
19-->[:image_pickers] AndroidManifest.xml:17:13-18:22
19-->[:image_pickers] AndroidManifest.xml:17:21-70
20            </action>
21        </intent>
22        <intent>
22-->[:image_pickers] AndroidManifest.xml:20:9-23:18
23            <action android:name="android.media.action.ACTION_VIDEO_CAPTURE" >
23-->[:image_pickers] AndroidManifest.xml:21:13-22:22
23-->[:image_pickers] AndroidManifest.xml:21:21-77
24            </action>
25        </intent>
26    </queries>
27
28    <uses-permission android:name="android.permission.VIBRATE" />
28-->[:vibration] AndroidManifest.xml:9:5-66
28-->[:vibration] AndroidManifest.xml:9:22-63
29
30    <application
31        android:name="android.app.Application"
31-->src\main\AndroidManifest.xml:5:9-42
32        android:appComponentFactory="androidx.core.app.CoreComponentFactory"
32-->[androidx.core:core:1.6.0] AndroidManifest.xml:24:18-86
33        android:icon="@mipmap/ic_launcher"
33-->src\main\AndroidManifest.xml:6:9-43
34        android:label="yoga_student_app"
34-->src\main\AndroidManifest.xml:4:9-41
35        android:networkSecurityConfig="@xml/net_sec"
35-->[:image_pickers] AndroidManifest.xml:27:9-53
36        android:requestLegacyExternalStorage="true" >
36-->[:image_pickers] AndroidManifest.xml:28:9-52
37        <activity
37-->src\main\AndroidManifest.xml:7:9-27:20
38            android:name="com.example.yoga_student_app.MainActivity"
38-->src\main\AndroidManifest.xml:8:13-41
39            android:configChanges="orientation|keyboardHidden|keyboard|screenSize|smallestScreenSize|locale|layoutDirection|fontScale|screenLayout|density|uiMode"
39-->src\main\AndroidManifest.xml:12:13-163
40            android:exported="true"
40-->src\main\AndroidManifest.xml:9:13-36
41            android:hardwareAccelerated="true"
41-->src\main\AndroidManifest.xml:13:13-47
42            android:launchMode="singleTop"
42-->src\main\AndroidManifest.xml:10:13-43
43            android:theme="@style/LaunchTheme"
43-->src\main\AndroidManifest.xml:11:13-47
44            android:windowSoftInputMode="adjustResize" >
44-->src\main\AndroidManifest.xml:14:13-55
45
46            <!--
47                 Specifies an Android theme to apply to this Activity as soon as
48                 the Android process has started. This theme is visible to the user
49                 while the Flutter UI initializes. After that, this theme continues
50                 to determine the Window background behind the Flutter UI.
51            -->
52            <meta-data
52-->src\main\AndroidManifest.xml:19:13-22:17
53                android:name="io.flutter.embedding.android.NormalTheme"
53-->src\main\AndroidManifest.xml:20:15-70
54                android:resource="@style/NormalTheme" />
54-->src\main\AndroidManifest.xml:21:15-52
55
56            <intent-filter>
56-->src\main\AndroidManifest.xml:23:13-26:29
57                <action android:name="android.intent.action.MAIN" />
57-->src\main\AndroidManifest.xml:24:17-68
57-->src\main\AndroidManifest.xml:24:25-66
58
59                <category android:name="android.intent.category.LAUNCHER" />
59-->src\main\AndroidManifest.xml:25:17-76
59-->src\main\AndroidManifest.xml:25:27-74
60            </intent-filter>
61        </activity>
62        <!--
63             Don't delete the meta-data below.
64             This is used by the Flutter tool to generate GeneratedPluginRegistrant.java
65        -->
66        <meta-data
66-->src\main\AndroidManifest.xml:30:9-32:33
67            android:name="flutterEmbedding"
67-->src\main\AndroidManifest.xml:31:13-44
68            android:value="2" />
68-->src\main\AndroidManifest.xml:32:13-30
69        <!-- 适配9.0的系统 -->
70        <uses-library
70-->[:image_pickers] AndroidManifest.xml:31:9-33:40
71            android:name="org.apache.http.legacy"
71-->[:image_pickers] AndroidManifest.xml:32:13-50
72            android:required="false" /> <!-- 适配9.0的系统 -->
72-->[:image_pickers] AndroidManifest.xml:33:13-37
73        <activity
73-->[:image_pickers] AndroidManifest.xml:35:9-37:49
74            android:name="com.leeson.image_pickers.activitys.PermissionActivity"
74-->[:image_pickers] AndroidManifest.xml:36:13-81
75            android:theme="@style/TransTheme" />
75-->[:image_pickers] AndroidManifest.xml:37:13-46
76        <activity
76-->[:image_pickers] AndroidManifest.xml:38:9-40:49
77            android:name="com.leeson.image_pickers.activitys.SelectPicsActivity"
77-->[:image_pickers] AndroidManifest.xml:39:13-81
78            android:theme="@style/TransTheme" />
78-->[:image_pickers] AndroidManifest.xml:40:13-46
79        <activity
79-->[:image_pickers] AndroidManifest.xml:41:9-44:47
80            android:name="com.leeson.image_pickers.activitys.PhotosActivity"
80-->[:image_pickers] AndroidManifest.xml:42:13-77
81            android:screenOrientation="portrait"
81-->[:image_pickers] AndroidManifest.xml:43:13-49
82            android:theme="@style/AppTheme" />
82-->[:image_pickers] AndroidManifest.xml:44:13-44
83        <activity
83-->[:image_pickers] AndroidManifest.xml:45:9-48:47
84            android:name="com.leeson.image_pickers.activitys.VideoActivity"
84-->[:image_pickers] AndroidManifest.xml:46:13-76
85            android:configChanges="orientation|screenSize"
85-->[:image_pickers] AndroidManifest.xml:47:13-59
86            android:theme="@style/AppTheme" />
86-->[:image_pickers] AndroidManifest.xml:48:13-44
87
88        <uses-library
88-->[androidx.window:window:1.0.0-beta04] AndroidManifest.xml:25:9-27:40
89            android:name="androidx.window.extensions"
89-->[androidx.window:window:1.0.0-beta04] AndroidManifest.xml:26:13-54
90            android:required="false" />
90-->[androidx.window:window:1.0.0-beta04] AndroidManifest.xml:27:13-37
91        <uses-library
91-->[androidx.window:window:1.0.0-beta04] AndroidManifest.xml:28:9-30:40
92            android:name="androidx.window.sidecar"
92-->[androidx.window:window:1.0.0-beta04] AndroidManifest.xml:29:13-51
93            android:required="false" />
93-->[androidx.window:window:1.0.0-beta04] AndroidManifest.xml:30:13-37
94
95        <provider
95-->[io.github.lucksiege:pictureselector:v3.10.6] AndroidManifest.xml:10:9-18:20
96            android:name="com.luck.picture.lib.basic.PictureFileProvider"
96-->[io.github.lucksiege:pictureselector:v3.10.6] AndroidManifest.xml:11:13-74
97            android:authorities="com.ykk.yoga_student_app.luckProvider"
97-->[io.github.lucksiege:pictureselector:v3.10.6] AndroidManifest.xml:12:13-64
98            android:exported="false"
98-->[io.github.lucksiege:pictureselector:v3.10.6] AndroidManifest.xml:13:13-37
99            android:grantUriPermissions="true" >
99-->[io.github.lucksiege:pictureselector:v3.10.6] AndroidManifest.xml:14:13-47
100            <meta-data
100-->[io.github.lucksiege:pictureselector:v3.10.6] AndroidManifest.xml:15:13-17:57
101                android:name="android.support.FILE_PROVIDER_PATHS"
101-->[io.github.lucksiege:pictureselector:v3.10.6] AndroidManifest.xml:16:17-67
102                android:resource="@xml/ps_file_paths" />
102-->[io.github.lucksiege:pictureselector:v3.10.6] AndroidManifest.xml:17:17-54
103        </provider>
104
105        <service
105-->[io.github.lucksiege:pictureselector:v3.10.6] AndroidManifest.xml:20:9-23:56
106            android:name="com.luck.picture.lib.service.ForegroundService"
106-->[io.github.lucksiege:pictureselector:v3.10.6] AndroidManifest.xml:21:13-74
107            android:enabled="true"
107-->[io.github.lucksiege:pictureselector:v3.10.6] AndroidManifest.xml:22:13-35
108            android:foregroundServiceType="location" />
108-->[io.github.lucksiege:pictureselector:v3.10.6] AndroidManifest.xml:23:13-53
109
110        <activity
110-->[io.github.lucksiege:pictureselector:v3.10.6] AndroidManifest.xml:25:9-29:20
111            android:name="com.luck.picture.lib.basic.PictureSelectorSupporterActivity"
111-->[io.github.lucksiege:pictureselector:v3.10.6] AndroidManifest.xml:26:13-87
112            android:configChanges="orientation|keyboardHidden|screenSize"
112-->[io.github.lucksiege:pictureselector:v3.10.6] AndroidManifest.xml:27:13-74
113            android:theme="@style/Base.Theme.NoActionBar" >
113-->[io.github.lucksiege:pictureselector:v3.10.6] AndroidManifest.xml:28:13-58
114        </activity>
115        <activity
115-->[io.github.lucksiege:pictureselector:v3.10.6] AndroidManifest.xml:30:9-34:20
116            android:name="com.luck.picture.lib.basic.PictureSelectorTransparentActivity"
116-->[io.github.lucksiege:pictureselector:v3.10.6] AndroidManifest.xml:31:13-89
117            android:configChanges="orientation|keyboardHidden|screenSize"
117-->[io.github.lucksiege:pictureselector:v3.10.6] AndroidManifest.xml:32:13-74
118            android:theme="@style/Picture.Theme.Translucent" >
118-->[io.github.lucksiege:pictureselector:v3.10.6] AndroidManifest.xml:33:13-61
119        </activity>
120        <activity
120-->[io.github.lucksiege:ucrop:v3.10.6] AndroidManifest.xml:10:9-14:72
121            android:name="com.yalantis.ucrop.UCropActivity"
121-->[io.github.lucksiege:ucrop:v3.10.6] AndroidManifest.xml:11:13-60
122            android:configChanges="orientation|keyboardHidden|screenSize"
122-->[io.github.lucksiege:ucrop:v3.10.6] AndroidManifest.xml:12:13-74
123            android:screenOrientation="portrait"
123-->[io.github.lucksiege:ucrop:v3.10.6] AndroidManifest.xml:13:13-49
124            android:theme="@style/Theme.AppCompat.Light.NoActionBar" />
124-->[io.github.lucksiege:ucrop:v3.10.6] AndroidManifest.xml:14:13-69
125        <activity
125-->[io.github.lucksiege:ucrop:v3.10.6] AndroidManifest.xml:15:9-19:72
126            android:name="com.yalantis.ucrop.UCropMultipleActivity"
126-->[io.github.lucksiege:ucrop:v3.10.6] AndroidManifest.xml:16:13-68
127            android:configChanges="orientation|keyboardHidden|screenSize"
127-->[io.github.lucksiege:ucrop:v3.10.6] AndroidManifest.xml:17:13-74
128            android:screenOrientation="portrait"
128-->[io.github.lucksiege:ucrop:v3.10.6] AndroidManifest.xml:18:13-49
129            android:theme="@style/Theme.AppCompat.Light.NoActionBar" />
129-->[io.github.lucksiege:ucrop:v3.10.6] AndroidManifest.xml:19:13-69
130    </application>
131
132</manifest>